[debug] [2021-11-06T18:12:43.672Z] ----------------------------------------------------------------------
[debug] [2021-11-06T18:12:43.675Z] Command:       C:\Program Files\nodejs\node.exe C:\Users\Hanie\AppData\Roaming\npm\node_modules\firebase-tools\lib\bin\firebase.js emulators:start
[debug] [2021-11-06T18:12:43.676Z] CLI Version:   9.8.0
[debug] [2021-11-06T18:12:43.676Z] Platform:      win32
[debug] [2021-11-06T18:12:43.676Z] Node Version:  v14.15.4
[debug] [2021-11-06T18:12:43.677Z] Time:          Sat Nov 06 2021 12:12:43 GMT-0600 (hora estándar central)
[debug] [2021-11-06T18:12:43.677Z] ----------------------------------------------------------------------
[debug] 
[debug] [2021-11-06T18:12:43.687Z] > command requires scopes: ["email","openid","https://www.googleapis.com/auth/cloudplatformprojects.readonly","https://www.googleapis.com/auth/firebase","https://www.googleapis.com/auth/cloud-platform"]
[debug] [2021-11-06T18:12:43.688Z] > authorizing via signed-in user
[info] i  emulators: Starting emulators: functions, firestore, hosting {"metadata":{"emulator":{"name":"hub"},"message":"Starting emulators: functions, firestore, hosting"}}
[debug] [2021-11-06T18:12:43.749Z] [hub] writing locator at C:\Users\Hanie\AppData\Local\Temp\hub-firechat-c857f.json
[warn] !  functions: The following emulators are not running, calls to these services from the Functions emulator will affect production: auth, database, pubsub {"metadata":{"emulator":{"name":"functions"},"message":"The following emulators are not running, calls to these services from the Functions emulator will affect production: \u001b[1mauth, database, pubsub\u001b[22m"}}
[warn] !  Your requested "node" version "12" doesn't match your global version "14" {"metadata":{"emulator":{"name":"functions"},"message":"Your requested \"node\" version \"12\" doesn't match your global version \"14\""}}
[debug] [2021-11-06T18:12:43.779Z] defaultcredentials: writing to file C:\Users\Hanie\AppData\Roaming\firebase\harenjaegger_gmail_com_application_default_credentials.json
[debug] [2021-11-06T18:12:43.781Z] Setting GAC to C:\Users\Hanie\AppData\Roaming\firebase\harenjaegger_gmail_com_application_default_credentials.json {"metadata":{"emulator":{"name":"functions"},"message":"Setting GAC to C:\\Users\\Hanie\\AppData\\Roaming\\firebase\\harenjaegger_gmail_com_application_default_credentials.json"}}
[debug] [2021-11-06T18:12:43.786Z] >>> [apiv2][query] GET https://firebase.googleapis.com/v1beta1/projects/firechat-c857f/adminSdkConfig [none]
[debug] [2021-11-06T18:12:44.355Z] <<< [apiv2][status] GET https://firebase.googleapis.com/v1beta1/projects/firechat-c857f/adminSdkConfig 200
[debug] [2021-11-06T18:12:44.355Z] <<< [apiv2][body] GET https://firebase.googleapis.com/v1beta1/projects/firechat-c857f/adminSdkConfig {"projectId":"firechat-c857f","storageBucket":"firechat-c857f.appspot.com","locationId":"us-central"}
[warn] !  firestore: Did not find a Cloud Firestore rules file specified in a firebase.json config file. {"metadata":{"emulator":{"name":"firestore"},"message":"Did not find a Cloud Firestore rules file specified in a firebase.json config file."}}
[warn] !  firestore: The emulator will default to allowing all reads and writes. Learn more about this option: https://firebase.google.com/docs/emulator-suite/install_and_configure#security_rules_configuration. {"metadata":{"emulator":{"name":"firestore"},"message":"The emulator will default to allowing all reads and writes. Learn more about this option: https://firebase.google.com/docs/emulator-suite/install_and_configure#security_rules_configuration."}}
[debug] [2021-11-06T18:12:44.374Z] Ignoring unsupported arg: projectId {"metadata":{"emulator":{"name":"firestore"},"message":"Ignoring unsupported arg: projectId"}}
[debug] [2021-11-06T18:12:44.374Z] Ignoring unsupported arg: auto_download {"metadata":{"emulator":{"name":"firestore"},"message":"Ignoring unsupported arg: auto_download"}}
[debug] [2021-11-06T18:12:44.375Z] Starting Firestore Emulator with command {"binary":"java","args":["-Dgoogle.cloud_firestore.debug_log_level=FINE","-Duser.language=en","-jar","C:\\Users\\Hanie\\.cache\\firebase\\emulators\\cloud-firestore-emulator-v1.11.12.jar","--host","localhost","--port",8080,"--functions_emulator","localhost:5001"],"optionalArgs":["port","webchannel_port","host","rules","functions_emulator","seed_from_export"],"joinArgs":false} {"metadata":{"emulator":{"name":"firestore"},"message":"Starting Firestore Emulator with command {\"binary\":\"java\",\"args\":[\"-Dgoogle.cloud_firestore.debug_log_level=FINE\",\"-Duser.language=en\",\"-jar\",\"C:\\\\Users\\\\Hanie\\\\.cache\\\\firebase\\\\emulators\\\\cloud-firestore-emulator-v1.11.12.jar\",\"--host\",\"localhost\",\"--port\",8080,\"--functions_emulator\",\"localhost:5001\"],\"optionalArgs\":[\"port\",\"webchannel_port\",\"host\",\"rules\",\"functions_emulator\",\"seed_from_export\"],\"joinArgs\":false}"}}
[info] i  firestore: Firestore Emulator logging to firestore-debug.log {"metadata":{"emulator":{"name":"firestore"},"message":"Firestore Emulator logging to \u001b[1mfirestore-debug.log\u001b[22m"}}
[debug] [2021-11-06T18:12:46.216Z] >>> [apiv2][query] GET https://firebase.googleapis.com/v1beta1/projects/firechat-c857f/webApps/-/config [none]
[debug] [2021-11-06T18:12:47.031Z] <<< [apiv2][status] GET https://firebase.googleapis.com/v1beta1/projects/firechat-c857f/webApps/-/config 200
[debug] [2021-11-06T18:12:47.032Z] <<< [apiv2][body] GET https://firebase.googleapis.com/v1beta1/projects/firechat-c857f/webApps/-/config {"projectId":"firechat-c857f","appId":"1:50201580034:web:2c6a31034d733630884d1b","storageBucket":"firechat-c857f.appspot.com","locationId":"us-central","apiKey":"AIzaSyBvzpRDZNLmKpQR95LPAtwjK00U4LlR3D8","authDomain":"firechat-c857f.firebaseapp.com","messagingSenderId":"50201580034"}
[info] i  hosting: Serving hosting files from: dist {"metadata":{"emulator":{"name":"hosting"},"message":"Serving hosting files from: \u001b[1mdist\u001b[22m"}}
[info] +  hosting: Local server: http://localhost:5000 {"metadata":{"emulator":{"name":"hosting"},"message":"Local server: \u001b[4m\u001b[1mhttp://localhost:5000\u001b[22m\u001b[24m"}}
[debug] [2021-11-06T18:12:47.063Z] Ignoring unsupported arg: auto_download {"metadata":{"emulator":{"name":"ui"},"message":"Ignoring unsupported arg: auto_download"}}
[debug] [2021-11-06T18:12:47.063Z] Ignoring unsupported arg: port {"metadata":{"emulator":{"name":"ui"},"message":"Ignoring unsupported arg: port"}}
[debug] [2021-11-06T18:12:47.063Z] Starting Emulator UI with command {"binary":"node","args":["C:\\Users\\Hanie\\.cache\\firebase\\emulators\\ui-v1.4.2\\server.bundle.js"],"optionalArgs":[],"joinArgs":false} {"metadata":{"emulator":{"name":"ui"},"message":"Starting Emulator UI with command {\"binary\":\"node\",\"args\":[\"C:\\\\Users\\\\Hanie\\\\.cache\\\\firebase\\\\emulators\\\\ui-v1.4.2\\\\server.bundle.js\"],\"optionalArgs\":[],\"joinArgs\":false}"}}
[info] i  ui: Emulator UI logging to ui-debug.log {"metadata":{"emulator":{"name":"ui"},"message":"Emulator UI logging to \u001b[1mui-debug.log\u001b[22m"}}
[debug] [2021-11-06T18:12:47.243Z] Web / API server started at http://localhost:4000
 {"metadata":{"emulator":{"name":"ui"},"message":"Web / API server started at http://localhost:4000\n"}}
[info] i  functions: Watching "C:\xampp\htdocs\firechat\functions" for Cloud Functions... {"metadata":{"emulator":{"name":"functions"},"message":"Watching \"C:\\xampp\\htdocs\\firechat\\functions\" for Cloud Functions..."}}
[debug] [2021-11-06T18:12:47.366Z] [worker-pool] addWorker(~diagnostic~) {"metadata":{"emulator":{"name":"functions"},"message":"[worker-pool] addWorker(~diagnostic~)"}}
[debug] [2021-11-06T18:12:47.367Z] [worker-pool] Adding worker with key ~diagnostic~, total=1 {"metadata":{"emulator":{"name":"functions"},"message":"[worker-pool] Adding worker with key ~diagnostic~, total=1"}}
[debug] [2021-11-06T18:12:47.367Z] [worker-pool] submitWork(triggerId=) {"metadata":{"emulator":{"name":"functions"},"message":"[worker-pool] submitWork(triggerId=)"}}
[debug] [2021-11-06T18:12:47.368Z] [worker-~diagnostic~-7944dff4-b856-48d9-b17d-6872447c98e9]: Assigning socketPath: \\?\pipe\C:\xampp\htdocs\firechat\functions\5684 {"metadata":{"emulator":{"name":"functions"},"message":"[worker-~diagnostic~-7944dff4-b856-48d9-b17d-6872447c98e9]: Assigning socketPath: \\\\?\\pipe\\C:\\xampp\\htdocs\\firechat\\functions\\5684"}}
[debug] [2021-11-06T18:12:47.368Z] [worker-~diagnostic~-7944dff4-b856-48d9-b17d-6872447c98e9]: BUSY {"metadata":{"emulator":{"name":"functions"},"message":"[worker-~diagnostic~-7944dff4-b856-48d9-b17d-6872447c98e9]: BUSY"}}
[debug] [2021-11-06T18:12:47.702Z] [runtime-status] [5684] Functions runtime initialized. {"cwd":"C:\\xampp\\htdocs\\firechat\\functions","node_version":"14.15.4"} {"metadata":{"emulator":{"name":"functions"},"message":"[runtime-status] [5684] Functions runtime initialized. {\"cwd\":\"C:\\\\xampp\\\\htdocs\\\\firechat\\\\functions\",\"node_version\":\"14.15.4\"}"}}
[debug] [2021-11-06T18:12:47.702Z] [runtime-status] [5684] Disabled runtime features: undefined {"metadata":{"emulator":{"name":"functions"},"message":"[runtime-status] [5684] Disabled runtime features: undefined"}}
[debug] [2021-11-06T18:12:47.705Z] [runtime-status] [5684] Resolved module firebase-admin {"declared":true,"installed":true,"version":"9.12.0","resolution":"C:\\xampp\\htdocs\\firechat\\functions\\node_modules\\firebase-admin\\lib\\index.js"} {"metadata":{"emulator":{"name":"functions"},"message":"[runtime-status] [5684] Resolved module firebase-admin {\"declared\":true,\"installed\":true,\"version\":\"9.12.0\",\"resolution\":\"C:\\\\xampp\\\\htdocs\\\\firechat\\\\functions\\\\node_modules\\\\firebase-admin\\\\lib\\\\index.js\"}"}}
[debug] [2021-11-06T18:12:47.710Z] [runtime-status] [5684] Resolved module firebase-functions {"declared":true,"installed":true,"version":"3.16.0","resolution":"C:\\xampp\\htdocs\\firechat\\functions\\node_modules\\firebase-functions\\lib\\index.js"} {"metadata":{"emulator":{"name":"functions"},"message":"[runtime-status] [5684] Resolved module firebase-functions {\"declared\":true,\"installed\":true,\"version\":\"3.16.0\",\"resolution\":\"C:\\\\xampp\\\\htdocs\\\\firechat\\\\functions\\\\node_modules\\\\firebase-functions\\\\lib\\\\index.js\"}"}}
[debug] [2021-11-06T18:12:47.712Z] [runtime-status] [5684] Resolved module firebase-functions {"declared":true,"installed":true,"version":"3.16.0","resolution":"C:\\xampp\\htdocs\\firechat\\functions\\node_modules\\firebase-functions\\lib\\index.js"} {"metadata":{"emulator":{"name":"functions"},"message":"[runtime-status] [5684] Resolved module firebase-functions {\"declared\":true,\"installed\":true,\"version\":\"3.16.0\",\"resolution\":\"C:\\\\xampp\\\\htdocs\\\\firechat\\\\functions\\\\node_modules\\\\firebase-functions\\\\lib\\\\index.js\"}"}}
[debug] [2021-11-06T18:12:47.714Z] [runtime-status] [5684] Outgoing network have been stubbed. [{"name":"http","status":"mocked"},{"name":"http","status":"mocked"},{"name":"https","status":"mocked"},{"name":"https","status":"mocked"},{"name":"net","status":"mocked"}] {"metadata":{"emulator":{"name":"functions"},"message":"[runtime-status] [5684] Outgoing network have been stubbed. [{\"name\":\"http\",\"status\":\"mocked\"},{\"name\":\"http\",\"status\":\"mocked\"},{\"name\":\"https\",\"status\":\"mocked\"},{\"name\":\"https\",\"status\":\"mocked\"},{\"name\":\"net\",\"status\":\"mocked\"}]"}}
[debug] [2021-11-06T18:12:47.715Z] [runtime-status] [5684] Resolved module firebase-functions {"declared":true,"installed":true,"version":"3.16.0","resolution":"C:\\xampp\\htdocs\\firechat\\functions\\node_modules\\firebase-functions\\lib\\index.js"} {"metadata":{"emulator":{"name":"functions"},"message":"[runtime-status] [5684] Resolved module firebase-functions {\"declared\":true,\"installed\":true,\"version\":\"3.16.0\",\"resolution\":\"C:\\\\xampp\\\\htdocs\\\\firechat\\\\functions\\\\node_modules\\\\firebase-functions\\\\lib\\\\index.js\"}"}}
[debug] [2021-11-06T18:12:47.782Z] [runtime-status] [5684] Checked functions.config() {"config":{}} {"metadata":{"emulator":{"name":"functions"},"message":"[runtime-status] [5684] Checked functions.config() {\"config\":{}}"}}
[debug] [2021-11-06T18:12:47.782Z] [runtime-status] [5684] firebase-functions has been stubbed. {"functionsResolution":{"declared":true,"installed":true,"version":"3.16.0","resolution":"C:\\xampp\\htdocs\\firechat\\functions\\node_modules\\firebase-functions\\lib\\index.js"}} {"metadata":{"emulator":{"name":"functions"},"message":"[runtime-status] [5684] firebase-functions has been stubbed. {\"functionsResolution\":{\"declared\":true,\"installed\":true,\"version\":\"3.16.0\",\"resolution\":\"C:\\\\xampp\\\\htdocs\\\\firechat\\\\functions\\\\node_modules\\\\firebase-functions\\\\lib\\\\index.js\"}}"}}
[debug] [2021-11-06T18:12:47.783Z] [runtime-status] [5684] Resolved module firebase-functions {"declared":true,"installed":true,"version":"3.16.0","resolution":"C:\\xampp\\htdocs\\firechat\\functions\\node_modules\\firebase-functions\\lib\\index.js"} {"metadata":{"emulator":{"name":"functions"},"message":"[runtime-status] [5684] Resolved module firebase-functions {\"declared\":true,\"installed\":true,\"version\":\"3.16.0\",\"resolution\":\"C:\\\\xampp\\\\htdocs\\\\firechat\\\\functions\\\\node_modules\\\\firebase-functions\\\\lib\\\\index.js\"}"}}
[debug] [2021-11-06T18:12:47.785Z] [runtime-status] [5684] Resolved module firebase-admin {"declared":true,"installed":true,"version":"9.12.0","resolution":"C:\\xampp\\htdocs\\firechat\\functions\\node_modules\\firebase-admin\\lib\\index.js"} {"metadata":{"emulator":{"name":"functions"},"message":"[runtime-status] [5684] Resolved module firebase-admin {\"declared\":true,\"installed\":true,\"version\":\"9.12.0\",\"resolution\":\"C:\\\\xampp\\\\htdocs\\\\firechat\\\\functions\\\\node_modules\\\\firebase-admin\\\\lib\\\\index.js\"}"}}
[debug] [2021-11-06T18:12:47.786Z] [runtime-status] [5684] Resolved module firebase-functions {"declared":true,"installed":true,"version":"3.16.0","resolution":"C:\\xampp\\htdocs\\firechat\\functions\\node_modules\\firebase-functions\\lib\\index.js"} {"metadata":{"emulator":{"name":"functions"},"message":"[runtime-status] [5684] Resolved module firebase-functions {\"declared\":true,\"installed\":true,\"version\":\"3.16.0\",\"resolution\":\"C:\\\\xampp\\\\htdocs\\\\firechat\\\\functions\\\\node_modules\\\\firebase-functions\\\\lib\\\\index.js\"}"}}
[debug] [2021-11-06T18:12:47.786Z] [runtime-status] [5684] firebase-admin has been stubbed. {"adminResolution":{"declared":true,"installed":true,"version":"9.12.0","resolution":"C:\\xampp\\htdocs\\firechat\\functions\\node_modules\\firebase-admin\\lib\\index.js"}} {"metadata":{"emulator":{"name":"functions"},"message":"[runtime-status] [5684] firebase-admin has been stubbed. {\"adminResolution\":{\"declared\":true,\"installed\":true,\"version\":\"9.12.0\",\"resolution\":\"C:\\\\xampp\\\\htdocs\\\\firechat\\\\functions\\\\node_modules\\\\firebase-admin\\\\lib\\\\index.js\"}}"}}
[debug] [2021-11-06T18:12:48.981Z] [runtime-status] [5684] initializeApp(DEFAULT) {"storageBucket":"firechat-c857f.appspot.com","projectId":"firechat-c857f"} {"metadata":{"emulator":{"name":"functions"},"message":"[runtime-status] [5684] initializeApp(DEFAULT) {\"storageBucket\":\"firechat-c857f.appspot.com\",\"projectId\":\"firechat-c857f\"}"}}
[info] +  functions[addConversation]: http function initialized (http://localhost:5001/firechat-c857f/us-central1/addConversation). {"metadata":{"emulator":{"name":"functions"},"message":"\u001b[1mhttp\u001b[22m function initialized (http://localhost:5001/firechat-c857f/us-central1/addConversation)."}}
[debug] [2021-11-06T18:12:48.989Z] addFirestoreTrigger "{\"eventTrigger\":{\"resource\":\"projects/firechat-c857f/databases/(default)/documents/conversations/{conversaitonId}\",\"eventType\":\"providers/cloud.firestore/eventTypes/document.create\",\"service\":\"firestore.googleapis.com\"}}"
[debug] [2021-11-06T18:12:48.990Z] >>> HTTP REQUEST PUT http://localhost:8080/emulator/v1/projects/firechat-c857f/triggers/onConversationCreate-0  
 {"eventTrigger":{"resource":"projects/firechat-c857f/databases/(default)/documents/conversations/{conversaitonId}","eventType":"providers/cloud.firestore/eventTypes/document.create","service":"firestore.googleapis.com"}}
[debug] [2021-11-06T18:12:48.999Z] [worker-~diagnostic~-7944dff4-b856-48d9-b17d-6872447c98e9]: IDLE {"metadata":{"emulator":{"name":"functions"},"message":"[worker-~diagnostic~-7944dff4-b856-48d9-b17d-6872447c98e9]: IDLE"}}
[debug] [2021-11-06T18:12:49.909Z] <<< HTTP RESPONSE 200 {"content-type":"application/json","content-length":"4"}
[info] +  functions[onConversationCreate]: firestore function initialized. {"metadata":{"emulator":{"name":"functions"},"message":"\u001b[1mfirestore\u001b[22m function initialized."}}
[info] 
┌─────────────────────────────────────────────────────────────┐
│ ✔  All emulators ready! It is now safe to connect your app. │
│ i  View Emulator UI at http://localhost:4000                │
└─────────────────────────────────────────────────────────────┘

┌───────────┬────────────────┬─────────────────────────────────┐
│ Emulator  │ Host:Port      │ View in Emulator UI             │
├───────────┼────────────────┼─────────────────────────────────┤
│ Functions │ localhost:5001 │ http://localhost:4000/functions │
├───────────┼────────────────┼─────────────────────────────────┤
│ Firestore │ localhost:8080 │ http://localhost:4000/firestore │
├───────────┼────────────────┼─────────────────────────────────┤
│ Hosting   │ localhost:5000 │ n/a                             │
└───────────┴────────────────┴─────────────────────────────────┘
  Emulator Hub running at localhost:4400
  Other reserved ports: 4500

Issues? Report them at https://github.com/firebase/firebase-tools/issues and attach the *-debug.log files.
 
[debug] [2021-11-06T18:18:43.529Z] [work-queue] {"queueLength":1,"workRunningCount":0}
[debug] [2021-11-06T18:18:43.529Z] [work-queue] {"queueLength":0,"workRunningCount":1}
[debug] [2021-11-06T18:18:43.530Z] Accepted request GET /firechat-c857f/us-central1/addConversation?recipientId=IZehhYJOMP6ISPqK3CUu&senderId=FSLxkSC8wpz1ZodGQcgL --> addConversation
[debug] [2021-11-06T18:18:43.543Z] [worker-pool] addWorker(addConversation) {"metadata":{"emulator":{"name":"functions"},"message":"[worker-pool] addWorker(addConversation)"}}
[debug] [2021-11-06T18:18:43.544Z] [worker-pool] Adding worker with key addConversation, total=1 {"metadata":{"emulator":{"name":"functions"},"message":"[worker-pool] Adding worker with key addConversation, total=1"}}
[debug] [2021-11-06T18:18:43.544Z] [worker-pool] submitWork(triggerId=addConversation) {"metadata":{"emulator":{"name":"functions"},"message":"[worker-pool] submitWork(triggerId=addConversation)"}}
[debug] [2021-11-06T18:18:43.544Z] [worker-addConversation-4006aba2-1629-4b46-bde6-7c9ba95ffa70]: Assigning socketPath: \\?\pipe\C:\xampp\htdocs\firechat\functions\17128 {"metadata":{"emulator":{"name":"functions"},"message":"[worker-addConversation-4006aba2-1629-4b46-bde6-7c9ba95ffa70]: Assigning socketPath: \\\\?\\pipe\\C:\\xampp\\htdocs\\firechat\\functions\\17128"}}
[debug] [2021-11-06T18:18:43.544Z] [worker-addConversation-4006aba2-1629-4b46-bde6-7c9ba95ffa70]: BUSY {"metadata":{"emulator":{"name":"functions"},"message":"[worker-addConversation-4006aba2-1629-4b46-bde6-7c9ba95ffa70]: BUSY"}}
[debug] [2021-11-06T18:18:43.888Z] [runtime-status] [17128] Functions runtime initialized. {"cwd":"C:\\xampp\\htdocs\\firechat\\functions","node_version":"14.15.4"} {"metadata":{"emulator":{"name":"functions"},"function":{"name":"addConversation"},"message":"[runtime-status] [17128] Functions runtime initialized. {\"cwd\":\"C:\\\\xampp\\\\htdocs\\\\firechat\\\\functions\",\"node_version\":\"14.15.4\"}"}}
[debug] [2021-11-06T18:18:43.890Z] [runtime-status] [17128] Disabled runtime features: undefined {"metadata":{"emulator":{"name":"functions"},"function":{"name":"addConversation"},"message":"[runtime-status] [17128] Disabled runtime features: undefined"}}
[debug] [2021-11-06T18:18:43.894Z] [runtime-status] [17128] Resolved module firebase-admin {"declared":true,"installed":true,"version":"9.12.0","resolution":"C:\\xampp\\htdocs\\firechat\\functions\\node_modules\\firebase-admin\\lib\\index.js"} {"metadata":{"emulator":{"name":"functions"},"function":{"name":"addConversation"},"message":"[runtime-status] [17128] Resolved module firebase-admin {\"declared\":true,\"installed\":true,\"version\":\"9.12.0\",\"resolution\":\"C:\\\\xampp\\\\htdocs\\\\firechat\\\\functions\\\\node_modules\\\\firebase-admin\\\\lib\\\\index.js\"}"}}
[debug] [2021-11-06T18:18:43.899Z] [runtime-status] [17128] Resolved module firebase-functions {"declared":true,"installed":true,"version":"3.16.0","resolution":"C:\\xampp\\htdocs\\firechat\\functions\\node_modules\\firebase-functions\\lib\\index.js"} {"metadata":{"emulator":{"name":"functions"},"function":{"name":"addConversation"},"message":"[runtime-status] [17128] Resolved module firebase-functions {\"declared\":true,\"installed\":true,\"version\":\"3.16.0\",\"resolution\":\"C:\\\\xampp\\\\htdocs\\\\firechat\\\\functions\\\\node_modules\\\\firebase-functions\\\\lib\\\\index.js\"}"}}
[debug] [2021-11-06T18:18:43.901Z] [runtime-status] [17128] Resolved module firebase-functions {"declared":true,"installed":true,"version":"3.16.0","resolution":"C:\\xampp\\htdocs\\firechat\\functions\\node_modules\\firebase-functions\\lib\\index.js"} {"metadata":{"emulator":{"name":"functions"},"function":{"name":"addConversation"},"message":"[runtime-status] [17128] Resolved module firebase-functions {\"declared\":true,\"installed\":true,\"version\":\"3.16.0\",\"resolution\":\"C:\\\\xampp\\\\htdocs\\\\firechat\\\\functions\\\\node_modules\\\\firebase-functions\\\\lib\\\\index.js\"}"}}
[debug] [2021-11-06T18:18:43.904Z] [runtime-status] [17128] Outgoing network have been stubbed. [{"name":"http","status":"mocked"},{"name":"http","status":"mocked"},{"name":"https","status":"mocked"},{"name":"https","status":"mocked"},{"name":"net","status":"mocked"}] {"metadata":{"emulator":{"name":"functions"},"function":{"name":"addConversation"},"message":"[runtime-status] [17128] Outgoing network have been stubbed. [{\"name\":\"http\",\"status\":\"mocked\"},{\"name\":\"http\",\"status\":\"mocked\"},{\"name\":\"https\",\"status\":\"mocked\"},{\"name\":\"https\",\"status\":\"mocked\"},{\"name\":\"net\",\"status\":\"mocked\"}]"}}
[debug] [2021-11-06T18:18:43.905Z] [runtime-status] [17128] Resolved module firebase-functions {"declared":true,"installed":true,"version":"3.16.0","resolution":"C:\\xampp\\htdocs\\firechat\\functions\\node_modules\\firebase-functions\\lib\\index.js"} {"metadata":{"emulator":{"name":"functions"},"function":{"name":"addConversation"},"message":"[runtime-status] [17128] Resolved module firebase-functions {\"declared\":true,\"installed\":true,\"version\":\"3.16.0\",\"resolution\":\"C:\\\\xampp\\\\htdocs\\\\firechat\\\\functions\\\\node_modules\\\\firebase-functions\\\\lib\\\\index.js\"}"}}
[debug] [2021-11-06T18:18:43.975Z] [runtime-status] [17128] Checked functions.config() {"config":{}} {"metadata":{"emulator":{"name":"functions"},"function":{"name":"addConversation"},"message":"[runtime-status] [17128] Checked functions.config() {\"config\":{}}"}}
[debug] [2021-11-06T18:18:43.975Z] [runtime-status] [17128] firebase-functions has been stubbed. {"functionsResolution":{"declared":true,"installed":true,"version":"3.16.0","resolution":"C:\\xampp\\htdocs\\firechat\\functions\\node_modules\\firebase-functions\\lib\\index.js"}} {"metadata":{"emulator":{"name":"functions"},"function":{"name":"addConversation"},"message":"[runtime-status] [17128] firebase-functions has been stubbed. {\"functionsResolution\":{\"declared\":true,\"installed\":true,\"version\":\"3.16.0\",\"resolution\":\"C:\\\\xampp\\\\htdocs\\\\firechat\\\\functions\\\\node_modules\\\\firebase-functions\\\\lib\\\\index.js\"}}"}}
[debug] [2021-11-06T18:18:43.976Z] [runtime-status] [17128] Resolved module firebase-functions {"declared":true,"installed":true,"version":"3.16.0","resolution":"C:\\xampp\\htdocs\\firechat\\functions\\node_modules\\firebase-functions\\lib\\index.js"} {"metadata":{"emulator":{"name":"functions"},"function":{"name":"addConversation"},"message":"[runtime-status] [17128] Resolved module firebase-functions {\"declared\":true,\"installed\":true,\"version\":\"3.16.0\",\"resolution\":\"C:\\\\xampp\\\\htdocs\\\\firechat\\\\functions\\\\node_modules\\\\firebase-functions\\\\lib\\\\index.js\"}"}}
[debug] [2021-11-06T18:18:43.977Z] [runtime-status] [17128] Resolved module firebase-admin {"declared":true,"installed":true,"version":"9.12.0","resolution":"C:\\xampp\\htdocs\\firechat\\functions\\node_modules\\firebase-admin\\lib\\index.js"} {"metadata":{"emulator":{"name":"functions"},"function":{"name":"addConversation"},"message":"[runtime-status] [17128] Resolved module firebase-admin {\"declared\":true,\"installed\":true,\"version\":\"9.12.0\",\"resolution\":\"C:\\\\xampp\\\\htdocs\\\\firechat\\\\functions\\\\node_modules\\\\firebase-admin\\\\lib\\\\index.js\"}"}}
[debug] [2021-11-06T18:18:43.979Z] [runtime-status] [17128] Resolved module firebase-functions {"declared":true,"installed":true,"version":"3.16.0","resolution":"C:\\xampp\\htdocs\\firechat\\functions\\node_modules\\firebase-functions\\lib\\index.js"} {"metadata":{"emulator":{"name":"functions"},"function":{"name":"addConversation"},"message":"[runtime-status] [17128] Resolved module firebase-functions {\"declared\":true,\"installed\":true,\"version\":\"3.16.0\",\"resolution\":\"C:\\\\xampp\\\\htdocs\\\\firechat\\\\functions\\\\node_modules\\\\firebase-functions\\\\lib\\\\index.js\"}"}}
[debug] [2021-11-06T18:18:43.979Z] [runtime-status] [17128] firebase-admin has been stubbed. {"adminResolution":{"declared":true,"installed":true,"version":"9.12.0","resolution":"C:\\xampp\\htdocs\\firechat\\functions\\node_modules\\firebase-admin\\lib\\index.js"}} {"metadata":{"emulator":{"name":"functions"},"function":{"name":"addConversation"},"message":"[runtime-status] [17128] firebase-admin has been stubbed. {\"adminResolution\":{\"declared\":true,\"installed\":true,\"version\":\"9.12.0\",\"resolution\":\"C:\\\\xampp\\\\htdocs\\\\firechat\\\\functions\\\\node_modules\\\\firebase-admin\\\\lib\\\\index.js\"}}"}}
[debug] [2021-11-06T18:18:45.297Z] [runtime-status] [17128] initializeApp(DEFAULT) {"storageBucket":"firechat-c857f.appspot.com","projectId":"firechat-c857f"} {"metadata":{"emulator":{"name":"functions"},"function":{"name":"addConversation"},"message":"[runtime-status] [17128] initializeApp(DEFAULT) {\"storageBucket\":\"firechat-c857f.appspot.com\",\"projectId\":\"firechat-c857f\"}"}}
[debug] [2021-11-06T18:18:45.304Z] [runtime-status] [17128] Trigger "addConversation" has been found, beginning invocation! {"metadata":{"emulator":{"name":"functions"},"function":{"name":"addConversation"},"message":"[runtime-status] [17128] Trigger \"addConversation\" has been found, beginning invocation!"}}
[info] i  functions: Beginning execution of "addConversation" {"metadata":{"emulator":{"name":"functions"},"function":{"name":"addConversation"},"message":"Beginning execution of \"addConversation\""}}
[debug] [2021-11-06T18:18:45.307Z] [runtime-status] [17128] triggerDefinition {"httpsTrigger":{},"name":"addConversation","entryPoint":"addConversation"} {"metadata":{"emulator":{"name":"functions"},"function":{"name":"addConversation"},"message":"[runtime-status] [17128] triggerDefinition {\"httpsTrigger\":{},\"name\":\"addConversation\",\"entryPoint\":\"addConversation\"}"}}
[debug] [2021-11-06T18:18:45.307Z] [runtime-status] [17128] Running addConversation in mode HTTPS {"metadata":{"emulator":{"name":"functions"},"function":{"name":"addConversation"},"message":"[runtime-status] [17128] Running addConversation in mode HTTPS"}}
[debug] [2021-11-06T18:18:45.316Z] [runtime-status] [17128] Attempting to listen to socketPath: \\?\pipe\C:\xampp\htdocs\firechat\functions\17128 {"metadata":{"emulator":{"name":"functions"},"function":{"name":"addConversation"},"message":"[runtime-status] [17128] Attempting to listen to socketPath: \\\\?\\pipe\\C:\\xampp\\htdocs\\firechat\\functions\\17128"}}
[debug] [2021-11-06T18:18:45.321Z] [functions] Runtime ready! Sending request! {"metadata":{"emulator":{"name":"functions"},"message":"[functions] Runtime ready! Sending request!"}}
[debug] [2021-11-06T18:18:45.322Z] [functions] Got req.url=/firechat-c857f/us-central1/addConversation?recipientId=IZehhYJOMP6ISPqK3CUu&senderId=FSLxkSC8wpz1ZodGQcgL, mapping to path=/?recipientId=IZehhYJOMP6ISPqK3CUu&senderId=FSLxkSC8wpz1ZodGQcgL {"metadata":{"emulator":{"name":"functions"},"message":"[functions] Got req.url=/firechat-c857f/us-central1/addConversation?recipientId=IZehhYJOMP6ISPqK3CUu&senderId=FSLxkSC8wpz1ZodGQcgL, mapping to path=/?recipientId=IZehhYJOMP6ISPqK3CUu&senderId=FSLxkSC8wpz1ZodGQcgL"}}
[debug] [2021-11-06T18:18:45.337Z] [runtime-status] [17128] Ephemeral server handling GET request {"metadata":{"emulator":{"name":"functions"},"function":{"name":"addConversation"},"message":"[runtime-status] [17128] Ephemeral server handling GET request"}}
[info] >  { {"user":"{","metadata":{"emulator":{"name":"functions"},"function":{"name":"addConversation"},"message":"\u001b[90m> \u001b[39m {"}}
[info] >    senderId: '9IDRswD6FpnnwZkGY31c', {"user":"  senderId: '9IDRswD6FpnnwZkGY31c',","metadata":{"emulator":{"name":"functions"},"function":{"name":"addConversation"},"message":"\u001b[90m> \u001b[39m   senderId: '9IDRswD6FpnnwZkGY31c',"}}
[info] >    recipientId: 'uRe0ScYo8abt5n6C6b1y' {"user":"  recipientId: 'uRe0ScYo8abt5n6C6b1y'","metadata":{"emulator":{"name":"functions"},"function":{"name":"addConversation"},"message":"\u001b[90m> \u001b[39m   recipientId: 'uRe0ScYo8abt5n6C6b1y'"}}
[info] >  } {"user":"}","metadata":{"emulator":{"name":"functions"},"function":{"name":"addConversation"},"message":"\u001b[90m> \u001b[39m }"}}
[debug] [2021-11-06T18:18:46.528Z] [runtime-status] [17128] Ephemeral server survived. {"metadata":{"emulator":{"name":"functions"},"function":{"name":"addConversation"},"message":"[runtime-status] [17128] Ephemeral server survived."}}
[info] i  functions: Finished "addConversation" in ~1s {"metadata":{"emulator":{"name":"functions"},"function":{"name":"addConversation"},"message":"Finished \"addConversation\" in ~1s"}}
[debug] [2021-11-06T18:18:46.530Z] [worker-addConversation-4006aba2-1629-4b46-bde6-7c9ba95ffa70]: IDLE {"metadata":{"emulator":{"name":"functions"},"message":"[worker-addConversation-4006aba2-1629-4b46-bde6-7c9ba95ffa70]: IDLE"}}
[debug] [2021-11-06T18:18:46.530Z] [work-queue] {"queueLength":0,"workRunningCount":0}
[debug] [2021-11-06T18:18:46.567Z] [work-queue] {"queueLength":1,"workRunningCount":0}
[debug] [2021-11-06T18:18:46.568Z] [work-queue] {"queueLength":0,"workRunningCount":1}
[debug] [2021-11-06T18:18:46.568Z] Accepted request POST /functions/projects/firechat-c857f/triggers/onConversationCreate-0 --> onConversationCreate-0 {"metadata":{"emulator":{"name":"functions"},"message":"Accepted request POST /functions/projects/firechat-c857f/triggers/onConversationCreate-0 --> onConversationCreate-0"}}
[debug] [2021-11-06T18:18:46.584Z] [worker-pool] addWorker(onConversationCreate) {"metadata":{"emulator":{"name":"functions"},"message":"[worker-pool] addWorker(onConversationCreate)"}}
[debug] [2021-11-06T18:18:46.584Z] [worker-pool] Adding worker with key onConversationCreate, total=1 {"metadata":{"emulator":{"name":"functions"},"message":"[worker-pool] Adding worker with key onConversationCreate, total=1"}}
[debug] [2021-11-06T18:18:46.584Z] [worker-pool] submitWork(triggerId=onConversationCreate) {"metadata":{"emulator":{"name":"functions"},"message":"[worker-pool] submitWork(triggerId=onConversationCreate)"}}
[debug] [2021-11-06T18:18:46.584Z] [worker-onConversationCreate-feef605d-c55f-4c52-b4b6-eabcd836984a]: Assigning socketPath: \\?\pipe\C:\xampp\htdocs\firechat\functions\18108 {"metadata":{"emulator":{"name":"functions"},"message":"[worker-onConversationCreate-feef605d-c55f-4c52-b4b6-eabcd836984a]: Assigning socketPath: \\\\?\\pipe\\C:\\xampp\\htdocs\\firechat\\functions\\18108"}}
[debug] [2021-11-06T18:18:46.585Z] [worker-onConversationCreate-feef605d-c55f-4c52-b4b6-eabcd836984a]: BUSY {"metadata":{"emulator":{"name":"functions"},"message":"[worker-onConversationCreate-feef605d-c55f-4c52-b4b6-eabcd836984a]: BUSY"}}
[debug] [2021-11-06T18:18:46.972Z] [runtime-status] [18108] Functions runtime initialized. {"cwd":"C:\\xampp\\htdocs\\firechat\\functions","node_version":"14.15.4"} {"metadata":{"emulator":{"name":"functions"},"function":{"name":"onConversationCreate"},"message":"[runtime-status] [18108] Functions runtime initialized. {\"cwd\":\"C:\\\\xampp\\\\htdocs\\\\firechat\\\\functions\",\"node_version\":\"14.15.4\"}"}}
[debug] [2021-11-06T18:18:46.974Z] [runtime-status] [18108] Disabled runtime features: undefined {"metadata":{"emulator":{"name":"functions"},"function":{"name":"onConversationCreate"},"message":"[runtime-status] [18108] Disabled runtime features: undefined"}}
[debug] [2021-11-06T18:18:46.978Z] [runtime-status] [18108] Resolved module firebase-admin {"declared":true,"installed":true,"version":"9.12.0","resolution":"C:\\xampp\\htdocs\\firechat\\functions\\node_modules\\firebase-admin\\lib\\index.js"} {"metadata":{"emulator":{"name":"functions"},"function":{"name":"onConversationCreate"},"message":"[runtime-status] [18108] Resolved module firebase-admin {\"declared\":true,\"installed\":true,\"version\":\"9.12.0\",\"resolution\":\"C:\\\\xampp\\\\htdocs\\\\firechat\\\\functions\\\\node_modules\\\\firebase-admin\\\\lib\\\\index.js\"}"}}
[debug] [2021-11-06T18:18:46.983Z] [runtime-status] [18108] Resolved module firebase-functions {"declared":true,"installed":true,"version":"3.16.0","resolution":"C:\\xampp\\htdocs\\firechat\\functions\\node_modules\\firebase-functions\\lib\\index.js"} {"metadata":{"emulator":{"name":"functions"},"function":{"name":"onConversationCreate"},"message":"[runtime-status] [18108] Resolved module firebase-functions {\"declared\":true,\"installed\":true,\"version\":\"3.16.0\",\"resolution\":\"C:\\\\xampp\\\\htdocs\\\\firechat\\\\functions\\\\node_modules\\\\firebase-functions\\\\lib\\\\index.js\"}"}}
[debug] [2021-11-06T18:18:46.986Z] [runtime-status] [18108] Resolved module firebase-functions {"declared":true,"installed":true,"version":"3.16.0","resolution":"C:\\xampp\\htdocs\\firechat\\functions\\node_modules\\firebase-functions\\lib\\index.js"} {"metadata":{"emulator":{"name":"functions"},"function":{"name":"onConversationCreate"},"message":"[runtime-status] [18108] Resolved module firebase-functions {\"declared\":true,\"installed\":true,\"version\":\"3.16.0\",\"resolution\":\"C:\\\\xampp\\\\htdocs\\\\firechat\\\\functions\\\\node_modules\\\\firebase-functions\\\\lib\\\\index.js\"}"}}
[debug] [2021-11-06T18:18:46.988Z] [runtime-status] [18108] Outgoing network have been stubbed. [{"name":"http","status":"mocked"},{"name":"http","status":"mocked"},{"name":"https","status":"mocked"},{"name":"https","status":"mocked"},{"name":"net","status":"mocked"}] {"metadata":{"emulator":{"name":"functions"},"function":{"name":"onConversationCreate"},"message":"[runtime-status] [18108] Outgoing network have been stubbed. [{\"name\":\"http\",\"status\":\"mocked\"},{\"name\":\"http\",\"status\":\"mocked\"},{\"name\":\"https\",\"status\":\"mocked\"},{\"name\":\"https\",\"status\":\"mocked\"},{\"name\":\"net\",\"status\":\"mocked\"}]"}}
[debug] [2021-11-06T18:18:46.989Z] [runtime-status] [18108] Resolved module firebase-functions {"declared":true,"installed":true,"version":"3.16.0","resolution":"C:\\xampp\\htdocs\\firechat\\functions\\node_modules\\firebase-functions\\lib\\index.js"} {"metadata":{"emulator":{"name":"functions"},"function":{"name":"onConversationCreate"},"message":"[runtime-status] [18108] Resolved module firebase-functions {\"declared\":true,\"installed\":true,\"version\":\"3.16.0\",\"resolution\":\"C:\\\\xampp\\\\htdocs\\\\firechat\\\\functions\\\\node_modules\\\\firebase-functions\\\\lib\\\\index.js\"}"}}
[debug] [2021-11-06T18:18:47.060Z] [runtime-status] [18108] Checked functions.config() {"config":{}} {"metadata":{"emulator":{"name":"functions"},"function":{"name":"onConversationCreate"},"message":"[runtime-status] [18108] Checked functions.config() {\"config\":{}}"}}
[debug] [2021-11-06T18:18:47.060Z] [runtime-status] [18108] firebase-functions has been stubbed. {"functionsResolution":{"declared":true,"installed":true,"version":"3.16.0","resolution":"C:\\xampp\\htdocs\\firechat\\functions\\node_modules\\firebase-functions\\lib\\index.js"}} {"metadata":{"emulator":{"name":"functions"},"function":{"name":"onConversationCreate"},"message":"[runtime-status] [18108] firebase-functions has been stubbed. {\"functionsResolution\":{\"declared\":true,\"installed\":true,\"version\":\"3.16.0\",\"resolution\":\"C:\\\\xampp\\\\htdocs\\\\firechat\\\\functions\\\\node_modules\\\\firebase-functions\\\\lib\\\\index.js\"}}"}}
[debug] [2021-11-06T18:18:47.062Z] [runtime-status] [18108] Resolved module firebase-functions {"declared":true,"installed":true,"version":"3.16.0","resolution":"C:\\xampp\\htdocs\\firechat\\functions\\node_modules\\firebase-functions\\lib\\index.js"} {"metadata":{"emulator":{"name":"functions"},"function":{"name":"onConversationCreate"},"message":"[runtime-status] [18108] Resolved module firebase-functions {\"declared\":true,\"installed\":true,\"version\":\"3.16.0\",\"resolution\":\"C:\\\\xampp\\\\htdocs\\\\firechat\\\\functions\\\\node_modules\\\\firebase-functions\\\\lib\\\\index.js\"}"}}
[debug] [2021-11-06T18:18:47.063Z] [runtime-status] [18108] Resolved module firebase-admin {"declared":true,"installed":true,"version":"9.12.0","resolution":"C:\\xampp\\htdocs\\firechat\\functions\\node_modules\\firebase-admin\\lib\\index.js"} {"metadata":{"emulator":{"name":"functions"},"function":{"name":"onConversationCreate"},"message":"[runtime-status] [18108] Resolved module firebase-admin {\"declared\":true,\"installed\":true,\"version\":\"9.12.0\",\"resolution\":\"C:\\\\xampp\\\\htdocs\\\\firechat\\\\functions\\\\node_modules\\\\firebase-admin\\\\lib\\\\index.js\"}"}}
[debug] [2021-11-06T18:18:47.065Z] [runtime-status] [18108] Resolved module firebase-functions {"declared":true,"installed":true,"version":"3.16.0","resolution":"C:\\xampp\\htdocs\\firechat\\functions\\node_modules\\firebase-functions\\lib\\index.js"} {"metadata":{"emulator":{"name":"functions"},"function":{"name":"onConversationCreate"},"message":"[runtime-status] [18108] Resolved module firebase-functions {\"declared\":true,\"installed\":true,\"version\":\"3.16.0\",\"resolution\":\"C:\\\\xampp\\\\htdocs\\\\firechat\\\\functions\\\\node_modules\\\\firebase-functions\\\\lib\\\\index.js\"}"}}
[debug] [2021-11-06T18:18:47.065Z] [runtime-status] [18108] firebase-admin has been stubbed. {"adminResolution":{"declared":true,"installed":true,"version":"9.12.0","resolution":"C:\\xampp\\htdocs\\firechat\\functions\\node_modules\\firebase-admin\\lib\\index.js"}} {"metadata":{"emulator":{"name":"functions"},"function":{"name":"onConversationCreate"},"message":"[runtime-status] [18108] firebase-admin has been stubbed. {\"adminResolution\":{\"declared\":true,\"installed\":true,\"version\":\"9.12.0\",\"resolution\":\"C:\\\\xampp\\\\htdocs\\\\firechat\\\\functions\\\\node_modules\\\\firebase-admin\\\\lib\\\\index.js\"}}"}}
[debug] [2021-11-06T18:18:48.323Z] [runtime-status] [18108] initializeApp(DEFAULT) {"storageBucket":"firechat-c857f.appspot.com","projectId":"firechat-c857f"} {"metadata":{"emulator":{"name":"functions"},"function":{"name":"onConversationCreate"},"message":"[runtime-status] [18108] initializeApp(DEFAULT) {\"storageBucket\":\"firechat-c857f.appspot.com\",\"projectId\":\"firechat-c857f\"}"}}
[debug] [2021-11-06T18:18:48.328Z] [runtime-status] [18108] Trigger "onConversationCreate" has been found, beginning invocation! {"metadata":{"emulator":{"name":"functions"},"function":{"name":"onConversationCreate"},"message":"[runtime-status] [18108] Trigger \"onConversationCreate\" has been found, beginning invocation!"}}
[info] i  functions: Beginning execution of "onConversationCreate" {"metadata":{"emulator":{"name":"functions"},"function":{"name":"onConversationCreate"},"message":"Beginning execution of \"onConversationCreate\""}}
[debug] [2021-11-06T18:18:48.330Z] [runtime-status] [18108] triggerDefinition {"eventTrigger":{"resource":"projects/firechat-c857f/databases/(default)/documents/conversations/{conversaitonId}","eventType":"providers/cloud.firestore/eventTypes/document.create","service":"firestore.googleapis.com"},"name":"onConversationCreate","entryPoint":"onConversationCreate"} {"metadata":{"emulator":{"name":"functions"},"function":{"name":"onConversationCreate"},"message":"[runtime-status] [18108] triggerDefinition {\"eventTrigger\":{\"resource\":\"projects/firechat-c857f/databases/(default)/documents/conversations/{conversaitonId}\",\"eventType\":\"providers/cloud.firestore/eventTypes/document.create\",\"service\":\"firestore.googleapis.com\"},\"name\":\"onConversationCreate\",\"entryPoint\":\"onConversationCreate\"}"}}
[debug] [2021-11-06T18:18:48.330Z] [runtime-status] [18108] Running onConversationCreate in mode BACKGROUND {"metadata":{"emulator":{"name":"functions"},"function":{"name":"onConversationCreate"},"message":"[runtime-status] [18108] Running onConversationCreate in mode BACKGROUND"}}
[debug] [2021-11-06T18:18:48.330Z] [runtime-status] [18108] ProcessBackground {"data":{"value":{"name":"projects/firechat-c857f/databases/(default)/documents/conversations/RjV9PFXiAGPvSefl4j84","fields":{"senderPhoneNumber":{"stringValue":"933.518.9189"},"lastMessage":{"mapValue":{"fields":{"date":{"integerValue":"1636222726447"},"type":{"stringValue":"SYSTEM"},"senderId":{"stringValue":"SYSTEM"},"text":{"stringValue":"CONVERSATION_CREATED"},"status":{"stringValue":"sended"}}}},"title":{"stringValue":"Dell"},"node":{"stringValue":"xndUuUmat2clM5TF5X32"},"conversationImageUrl":{"stringValue":"https://cdn.fakercloud.com/avatars/timothycd_128.jpg"},"recipient":{"mapValue":{"fields":{"phoneNumber":{"stringValue":"1-240-678-0722 x45071"},"name":{"stringValue":"Dell"},"id":{"stringValue":"uRe0ScYo8abt5n6C6b1y"},"profileImageUrl":{"stringValue":"https://cdn.fakercloud.com/avatars/timothycd_128.jpg"}}}},"updatedAt":{"timestampValue":"2021-11-06T18:18:46.467Z"}},"createTime":"2021-11-06T18:18:46.490095Z","updateTime":"2021-11-06T18:18:46.490095Z"},"updateMask":{}},"context":{"eventId":"0d5e2e7c-f853-4aed-bf38-a1a1970e99d0","timestamp":"2021-11-06T18:18:46.490Z","eventType":"providers/cloud.firestore/eventTypes/document.create","resource":{"name":"projects/firechat-c857f/databases/(default)/documents/conversations/RjV9PFXiAGPvSefl4j84","service":"firestore.googleapis.com"}}} {"metadata":{"emulator":{"name":"functions"},"function":{"name":"onConversationCreate"},"message":"[runtime-status] [18108] ProcessBackground {\"data\":{\"value\":{\"name\":\"projects/firechat-c857f/databases/(default)/documents/conversations/RjV9PFXiAGPvSefl4j84\",\"fields\":{\"senderPhoneNumber\":{\"stringValue\":\"933.518.9189\"},\"lastMessage\":{\"mapValue\":{\"fields\":{\"date\":{\"integerValue\":\"1636222726447\"},\"type\":{\"stringValue\":\"SYSTEM\"},\"senderId\":{\"stringValue\":\"SYSTEM\"},\"text\":{\"stringValue\":\"CONVERSATION_CREATED\"},\"status\":{\"stringValue\":\"sended\"}}}},\"title\":{\"stringValue\":\"Dell\"},\"node\":{\"stringValue\":\"xndUuUmat2clM5TF5X32\"},\"conversationImageUrl\":{\"stringValue\":\"https://cdn.fakercloud.com/avatars/timothycd_128.jpg\"},\"recipient\":{\"mapValue\":{\"fields\":{\"phoneNumber\":{\"stringValue\":\"1-240-678-0722 x45071\"},\"name\":{\"stringValue\":\"Dell\"},\"id\":{\"stringValue\":\"uRe0ScYo8abt5n6C6b1y\"},\"profileImageUrl\":{\"stringValue\":\"https://cdn.fakercloud.com/avatars/timothycd_128.jpg\"}}}},\"updatedAt\":{\"timestampValue\":\"2021-11-06T18:18:46.467Z\"}},\"createTime\":\"2021-11-06T18:18:46.490095Z\",\"updateTime\":\"2021-11-06T18:18:46.490095Z\"},\"updateMask\":{}},\"context\":{\"eventId\":\"0d5e2e7c-f853-4aed-bf38-a1a1970e99d0\",\"timestamp\":\"2021-11-06T18:18:46.490Z\",\"eventType\":\"providers/cloud.firestore/eventTypes/document.create\",\"resource\":{\"name\":\"projects/firechat-c857f/databases/(default)/documents/conversations/RjV9PFXiAGPvSefl4j84\",\"service\":\"firestore.googleapis.com\"}}}"}}
[debug] [2021-11-06T18:18:48.331Z] [runtime-status] [18108] ProcessBackground: lifting resource.name from resource {"name":"projects/firechat-c857f/databases/(default)/documents/conversations/RjV9PFXiAGPvSefl4j84","service":"firestore.googleapis.com"} {"metadata":{"emulator":{"name":"functions"},"function":{"name":"onConversationCreate"},"message":"[runtime-status] [18108] ProcessBackground: lifting resource.name from resource {\"name\":\"projects/firechat-c857f/databases/(default)/documents/conversations/RjV9PFXiAGPvSefl4j84\",\"service\":\"firestore.googleapis.com\"}"}}
[debug] [2021-11-06T18:18:48.331Z] [runtime-status] [18108] RunBackground {"data":{"value":{"name":"projects/firechat-c857f/databases/(default)/documents/conversations/RjV9PFXiAGPvSefl4j84","fields":{"senderPhoneNumber":{"stringValue":"933.518.9189"},"lastMessage":{"mapValue":{"fields":{"date":{"integerValue":"1636222726447"},"type":{"stringValue":"SYSTEM"},"senderId":{"stringValue":"SYSTEM"},"text":{"stringValue":"CONVERSATION_CREATED"},"status":{"stringValue":"sended"}}}},"title":{"stringValue":"Dell"},"node":{"stringValue":"xndUuUmat2clM5TF5X32"},"conversationImageUrl":{"stringValue":"https://cdn.fakercloud.com/avatars/timothycd_128.jpg"},"recipient":{"mapValue":{"fields":{"phoneNumber":{"stringValue":"1-240-678-0722 x45071"},"name":{"stringValue":"Dell"},"id":{"stringValue":"uRe0ScYo8abt5n6C6b1y"},"profileImageUrl":{"stringValue":"https://cdn.fakercloud.com/avatars/timothycd_128.jpg"}}}},"updatedAt":{"timestampValue":"2021-11-06T18:18:46.467Z"}},"createTime":"2021-11-06T18:18:46.490095Z","updateTime":"2021-11-06T18:18:46.490095Z"},"updateMask":{}},"context":{"eventId":"0d5e2e7c-f853-4aed-bf38-a1a1970e99d0","timestamp":"2021-11-06T18:18:46.490Z","eventType":"providers/cloud.firestore/eventTypes/document.create","resource":"projects/firechat-c857f/databases/(default)/documents/conversations/RjV9PFXiAGPvSefl4j84"}} {"metadata":{"emulator":{"name":"functions"},"function":{"name":"onConversationCreate"},"message":"[runtime-status] [18108] RunBackground {\"data\":{\"value\":{\"name\":\"projects/firechat-c857f/databases/(default)/documents/conversations/RjV9PFXiAGPvSefl4j84\",\"fields\":{\"senderPhoneNumber\":{\"stringValue\":\"933.518.9189\"},\"lastMessage\":{\"mapValue\":{\"fields\":{\"date\":{\"integerValue\":\"1636222726447\"},\"type\":{\"stringValue\":\"SYSTEM\"},\"senderId\":{\"stringValue\":\"SYSTEM\"},\"text\":{\"stringValue\":\"CONVERSATION_CREATED\"},\"status\":{\"stringValue\":\"sended\"}}}},\"title\":{\"stringValue\":\"Dell\"},\"node\":{\"stringValue\":\"xndUuUmat2clM5TF5X32\"},\"conversationImageUrl\":{\"stringValue\":\"https://cdn.fakercloud.com/avatars/timothycd_128.jpg\"},\"recipient\":{\"mapValue\":{\"fields\":{\"phoneNumber\":{\"stringValue\":\"1-240-678-0722 x45071\"},\"name\":{\"stringValue\":\"Dell\"},\"id\":{\"stringValue\":\"uRe0ScYo8abt5n6C6b1y\"},\"profileImageUrl\":{\"stringValue\":\"https://cdn.fakercloud.com/avatars/timothycd_128.jpg\"}}}},\"updatedAt\":{\"timestampValue\":\"2021-11-06T18:18:46.467Z\"}},\"createTime\":\"2021-11-06T18:18:46.490095Z\",\"updateTime\":\"2021-11-06T18:18:46.490095Z\"},\"updateMask\":{}},\"context\":{\"eventId\":\"0d5e2e7c-f853-4aed-bf38-a1a1970e99d0\",\"timestamp\":\"2021-11-06T18:18:46.490Z\",\"eventType\":\"providers/cloud.firestore/eventTypes/document.create\",\"resource\":\"projects/firechat-c857f/databases/(default)/documents/conversations/RjV9PFXiAGPvSefl4j84\"}}"}}
[info] >  Conversación nueva  { {"user":"Conversación nueva  {","metadata":{"emulator":{"name":"functions"},"function":{"name":"onConversationCreate"},"message":"\u001b[90m> \u001b[39m Conversación nueva  {"}}
[info] >    senderPhoneNumber: '933.518.9189', {"user":"  senderPhoneNumber: '933.518.9189',","metadata":{"emulator":{"name":"functions"},"function":{"name":"onConversationCreate"},"message":"\u001b[90m> \u001b[39m   senderPhoneNumber: '933.518.9189',"}}
[info] >    lastMessage: { {"user":"  lastMessage: {","metadata":{"emulator":{"name":"functions"},"function":{"name":"onConversationCreate"},"message":"\u001b[90m> \u001b[39m   lastMessage: {"}}
[info] >      date: 1636222726447, {"user":"    date: 1636222726447,","metadata":{"emulator":{"name":"functions"},"function":{"name":"onConversationCreate"},"message":"\u001b[90m> \u001b[39m     date: 1636222726447,"}}
[info] >      type: 'SYSTEM', {"user":"    type: 'SYSTEM',","metadata":{"emulator":{"name":"functions"},"function":{"name":"onConversationCreate"},"message":"\u001b[90m> \u001b[39m     type: 'SYSTEM',"}}
[info] >      senderId: 'SYSTEM', {"user":"    senderId: 'SYSTEM',","metadata":{"emulator":{"name":"functions"},"function":{"name":"onConversationCreate"},"message":"\u001b[90m> \u001b[39m     senderId: 'SYSTEM',"}}
[info] >      text: 'CONVERSATION_CREATED', {"user":"    text: 'CONVERSATION_CREATED',","metadata":{"emulator":{"name":"functions"},"function":{"name":"onConversationCreate"},"message":"\u001b[90m> \u001b[39m     text: 'CONVERSATION_CREATED',"}}
[info] >      status: 'sended' {"user":"    status: 'sended'","metadata":{"emulator":{"name":"functions"},"function":{"name":"onConversationCreate"},"message":"\u001b[90m> \u001b[39m     status: 'sended'"}}
[info] >    }, {"user":"  },","metadata":{"emulator":{"name":"functions"},"function":{"name":"onConversationCreate"},"message":"\u001b[90m> \u001b[39m   },"}}
[info] >    title: 'Dell', {"user":"  title: 'Dell',","metadata":{"emulator":{"name":"functions"},"function":{"name":"onConversationCreate"},"message":"\u001b[90m> \u001b[39m   title: 'Dell',"}}
[info] >    node: 'xndUuUmat2clM5TF5X32', {"user":"  node: 'xndUuUmat2clM5TF5X32',","metadata":{"emulator":{"name":"functions"},"function":{"name":"onConversationCreate"},"message":"\u001b[90m> \u001b[39m   node: 'xndUuUmat2clM5TF5X32',"}}
[info] >    conversationImageUrl: 'https://cdn.fakercloud.com/avatars/timothycd_128.jpg', {"user":"  conversationImageUrl: 'https://cdn.fakercloud.com/avatars/timothycd_128.jpg',","metadata":{"emulator":{"name":"functions"},"function":{"name":"onConversationCreate"},"message":"\u001b[90m> \u001b[39m   conversationImageUrl: 'https://cdn.fakercloud.com/avatars/timothycd_128.jpg',"}}
[info] >    recipient: { {"user":"  recipient: {","metadata":{"emulator":{"name":"functions"},"function":{"name":"onConversationCreate"},"message":"\u001b[90m> \u001b[39m   recipient: {"}}
[info] >      phoneNumber: '1-240-678-0722 x45071', {"user":"    phoneNumber: '1-240-678-0722 x45071',","metadata":{"emulator":{"name":"functions"},"function":{"name":"onConversationCreate"},"message":"\u001b[90m> \u001b[39m     phoneNumber: '1-240-678-0722 x45071',"}}
[info] >      name: 'Dell', {"user":"    name: 'Dell',","metadata":{"emulator":{"name":"functions"},"function":{"name":"onConversationCreate"},"message":"\u001b[90m> \u001b[39m     name: 'Dell',"}}
[info] >      id: 'uRe0ScYo8abt5n6C6b1y', {"user":"    id: 'uRe0ScYo8abt5n6C6b1y',","metadata":{"emulator":{"name":"functions"},"function":{"name":"onConversationCreate"},"message":"\u001b[90m> \u001b[39m     id: 'uRe0ScYo8abt5n6C6b1y',"}}
[info] >      profileImageUrl: 'https://cdn.fakercloud.com/avatars/timothycd_128.jpg' {"user":"    profileImageUrl: 'https://cdn.fakercloud.com/avatars/timothycd_128.jpg'","metadata":{"emulator":{"name":"functions"},"function":{"name":"onConversationCreate"},"message":"\u001b[90m> \u001b[39m     profileImageUrl: 'https://cdn.fakercloud.com/avatars/timothycd_128.jpg'"}}
[info] >    }, {"user":"  },","metadata":{"emulator":{"name":"functions"},"function":{"name":"onConversationCreate"},"message":"\u001b[90m> \u001b[39m   },"}}
[info] >    updatedAt: Timestamp { _seconds: 1636222726, _nanoseconds: 467000000 } {"user":"  updatedAt: Timestamp { _seconds: 1636222726, _nanoseconds: 467000000 }","metadata":{"emulator":{"name":"functions"},"function":{"name":"onConversationCreate"},"message":"\u001b[90m> \u001b[39m   updatedAt: Timestamp { _seconds: 1636222726, _nanoseconds: 467000000 }"}}
[info] >  } {"user":"}","metadata":{"emulator":{"name":"functions"},"function":{"name":"onConversationCreate"},"message":"\u001b[90m> \u001b[39m }"}}
[info] >  Se creo un conversación de recipient con id W8ffnW6kQwBLVJj8mjtf {"user":"Se creo un conversación de recipient con id W8ffnW6kQwBLVJj8mjtf","metadata":{"emulator":{"name":"functions"},"function":{"name":"onConversationCreate"},"message":"\u001b[90m> \u001b[39m Se creo un conversación de recipient con id W8ffnW6kQwBLVJj8mjtf"}}
[debug] [2021-11-06T18:18:49.100Z] [runtime-status] [18108] Ephemeral server survived. {"metadata":{"emulator":{"name":"functions"},"function":{"name":"onConversationCreate"},"message":"[runtime-status] [18108] Ephemeral server survived."}}
[info] i  functions: Finished "onConversationCreate" in ~1s {"metadata":{"emulator":{"name":"functions"},"function":{"name":"onConversationCreate"},"message":"Finished \"onConversationCreate\" in ~1s"}}
[debug] [2021-11-06T18:18:49.101Z] [worker-onConversationCreate-feef605d-c55f-4c52-b4b6-eabcd836984a]: IDLE {"metadata":{"emulator":{"name":"functions"},"message":"[worker-onConversationCreate-feef605d-c55f-4c52-b4b6-eabcd836984a]: IDLE"}}
[debug] [2021-11-06T18:18:49.102Z] [work-queue] {"queueLength":0,"workRunningCount":0}
[debug] [2021-11-06T18:18:49.113Z] [work-queue] {"queueLength":1,"workRunningCount":0}
[debug] [2021-11-06T18:18:49.113Z] [work-queue] {"queueLength":0,"workRunningCount":1}
[debug] [2021-11-06T18:18:49.114Z] Accepted request POST /functions/projects/firechat-c857f/triggers/onConversationCreate-0 --> onConversationCreate-0 {"metadata":{"emulator":{"name":"functions"},"message":"Accepted request POST /functions/projects/firechat-c857f/triggers/onConversationCreate-0 --> onConversationCreate-0"}}
[debug] [2021-11-06T18:18:49.114Z] [worker-pool] submitWork(triggerId=onConversationCreate) {"metadata":{"emulator":{"name":"functions"},"message":"[worker-pool] submitWork(triggerId=onConversationCreate)"}}
[debug] [2021-11-06T18:18:49.114Z] [worker-onConversationCreate-feef605d-c55f-4c52-b4b6-eabcd836984a]: Assigning socketPath: \\?\pipe\C:\xampp\htdocs\firechat\functions\18108 {"metadata":{"emulator":{"name":"functions"},"message":"[worker-onConversationCreate-feef605d-c55f-4c52-b4b6-eabcd836984a]: Assigning socketPath: \\\\?\\pipe\\C:\\xampp\\htdocs\\firechat\\functions\\18108"}}
[debug] [2021-11-06T18:18:49.114Z] [worker-onConversationCreate-feef605d-c55f-4c52-b4b6-eabcd836984a]: BUSY {"metadata":{"emulator":{"name":"functions"},"message":"[worker-onConversationCreate-feef605d-c55f-4c52-b4b6-eabcd836984a]: BUSY"}}
[debug] [2021-11-06T18:18:49.115Z] [runtime-status] [18108] Trigger "onConversationCreate" has been found, beginning invocation! {"metadata":{"emulator":{"name":"functions"},"function":{"name":"onConversationCreate"},"message":"[runtime-status] [18108] Trigger \"onConversationCreate\" has been found, beginning invocation!"}}
[info] i  functions: Beginning execution of "onConversationCreate" {"metadata":{"emulator":{"name":"functions"},"function":{"name":"onConversationCreate"},"message":"Beginning execution of \"onConversationCreate\""}}
[debug] [2021-11-06T18:18:49.116Z] [runtime-status] [18108] triggerDefinition {"eventTrigger":{"resource":"projects/firechat-c857f/databases/(default)/documents/conversations/{conversaitonId}","eventType":"providers/cloud.firestore/eventTypes/document.create","service":"firestore.googleapis.com"},"name":"onConversationCreate","entryPoint":"onConversationCreate"} {"metadata":{"emulator":{"name":"functions"},"function":{"name":"onConversationCreate"},"message":"[runtime-status] [18108] triggerDefinition {\"eventTrigger\":{\"resource\":\"projects/firechat-c857f/databases/(default)/documents/conversations/{conversaitonId}\",\"eventType\":\"providers/cloud.firestore/eventTypes/document.create\",\"service\":\"firestore.googleapis.com\"},\"name\":\"onConversationCreate\",\"entryPoint\":\"onConversationCreate\"}"}}
[debug] [2021-11-06T18:18:49.120Z] [runtime-status] [18108] Running onConversationCreate in mode BACKGROUND {"metadata":{"emulator":{"name":"functions"},"function":{"name":"onConversationCreate"},"message":"[runtime-status] [18108] Running onConversationCreate in mode BACKGROUND"}}
[debug] [2021-11-06T18:18:49.120Z] [runtime-status] [18108] ProcessBackground {"data":{"value":{"name":"projects/firechat-c857f/databases/(default)/documents/conversations/W8ffnW6kQwBLVJj8mjtf","fields":{"senderPhoneNumber":{"stringValue":"1-240-678-0722 x45071"},"lastMessage":{"mapValue":{"fields":{"date":{"integerValue":"1636222726447"},"type":{"stringValue":"SYSTEM"},"senderId":{"stringValue":"SYSTEM"},"text":{"stringValue":"CONVERSATION_CREATED"},"status":{"stringValue":"sended"}}}},"title":{"stringValue":"Onie"},"node":{"stringValue":"xndUuUmat2clM5TF5X32"},"conversationImageUrl":{"stringValue":"https://cdn.fakercloud.com/avatars/maiklam_128.jpg"},"recipient":{"mapValue":{"fields":{"phoneNumber":{"stringValue":"933.518.9189"},"name":{"stringValue":"Onie"},"id":{"stringValue":"9IDRswD6FpnnwZkGY31c"},"profileImageUrl":{"stringValue":"https://cdn.fakercloud.com/avatars/maiklam_128.jpg"}}}},"updatedAt":{"timestampValue":"2021-11-06T18:18:49.077Z"}},"createTime":"2021-11-06T18:18:49.090839Z","updateTime":"2021-11-06T18:18:49.090839Z"},"updateMask":{}},"context":{"eventId":"17691502-70b4-4353-827a-0859cb987029","timestamp":"2021-11-06T18:18:49.090Z","eventType":"providers/cloud.firestore/eventTypes/document.create","resource":{"name":"projects/firechat-c857f/databases/(default)/documents/conversations/W8ffnW6kQwBLVJj8mjtf","service":"firestore.googleapis.com"}}} {"metadata":{"emulator":{"name":"functions"},"function":{"name":"onConversationCreate"},"message":"[runtime-status] [18108] ProcessBackground {\"data\":{\"value\":{\"name\":\"projects/firechat-c857f/databases/(default)/documents/conversations/W8ffnW6kQwBLVJj8mjtf\",\"fields\":{\"senderPhoneNumber\":{\"stringValue\":\"1-240-678-0722 x45071\"},\"lastMessage\":{\"mapValue\":{\"fields\":{\"date\":{\"integerValue\":\"1636222726447\"},\"type\":{\"stringValue\":\"SYSTEM\"},\"senderId\":{\"stringValue\":\"SYSTEM\"},\"text\":{\"stringValue\":\"CONVERSATION_CREATED\"},\"status\":{\"stringValue\":\"sended\"}}}},\"title\":{\"stringValue\":\"Onie\"},\"node\":{\"stringValue\":\"xndUuUmat2clM5TF5X32\"},\"conversationImageUrl\":{\"stringValue\":\"https://cdn.fakercloud.com/avatars/maiklam_128.jpg\"},\"recipient\":{\"mapValue\":{\"fields\":{\"phoneNumber\":{\"stringValue\":\"933.518.9189\"},\"name\":{\"stringValue\":\"Onie\"},\"id\":{\"stringValue\":\"9IDRswD6FpnnwZkGY31c\"},\"profileImageUrl\":{\"stringValue\":\"https://cdn.fakercloud.com/avatars/maiklam_128.jpg\"}}}},\"updatedAt\":{\"timestampValue\":\"2021-11-06T18:18:49.077Z\"}},\"createTime\":\"2021-11-06T18:18:49.090839Z\",\"updateTime\":\"2021-11-06T18:18:49.090839Z\"},\"updateMask\":{}},\"context\":{\"eventId\":\"17691502-70b4-4353-827a-0859cb987029\",\"timestamp\":\"2021-11-06T18:18:49.090Z\",\"eventType\":\"providers/cloud.firestore/eventTypes/document.create\",\"resource\":{\"name\":\"projects/firechat-c857f/databases/(default)/documents/conversations/W8ffnW6kQwBLVJj8mjtf\",\"service\":\"firestore.googleapis.com\"}}}"}}
[debug] [2021-11-06T18:18:49.120Z] [runtime-status] [18108] ProcessBackground: lifting resource.name from resource {"name":"projects/firechat-c857f/databases/(default)/documents/conversations/W8ffnW6kQwBLVJj8mjtf","service":"firestore.googleapis.com"} {"metadata":{"emulator":{"name":"functions"},"function":{"name":"onConversationCreate"},"message":"[runtime-status] [18108] ProcessBackground: lifting resource.name from resource {\"name\":\"projects/firechat-c857f/databases/(default)/documents/conversations/W8ffnW6kQwBLVJj8mjtf\",\"service\":\"firestore.googleapis.com\"}"}}
[debug] [2021-11-06T18:18:49.121Z] [runtime-status] [18108] RunBackground {"data":{"value":{"name":"projects/firechat-c857f/databases/(default)/documents/conversations/W8ffnW6kQwBLVJj8mjtf","fields":{"senderPhoneNumber":{"stringValue":"1-240-678-0722 x45071"},"lastMessage":{"mapValue":{"fields":{"date":{"integerValue":"1636222726447"},"type":{"stringValue":"SYSTEM"},"senderId":{"stringValue":"SYSTEM"},"text":{"stringValue":"CONVERSATION_CREATED"},"status":{"stringValue":"sended"}}}},"title":{"stringValue":"Onie"},"node":{"stringValue":"xndUuUmat2clM5TF5X32"},"conversationImageUrl":{"stringValue":"https://cdn.fakercloud.com/avatars/maiklam_128.jpg"},"recipient":{"mapValue":{"fields":{"phoneNumber":{"stringValue":"933.518.9189"},"name":{"stringValue":"Onie"},"id":{"stringValue":"9IDRswD6FpnnwZkGY31c"},"profileImageUrl":{"stringValue":"https://cdn.fakercloud.com/avatars/maiklam_128.jpg"}}}},"updatedAt":{"timestampValue":"2021-11-06T18:18:49.077Z"}},"createTime":"2021-11-06T18:18:49.090839Z","updateTime":"2021-11-06T18:18:49.090839Z"},"updateMask":{}},"context":{"eventId":"17691502-70b4-4353-827a-0859cb987029","timestamp":"2021-11-06T18:18:49.090Z","eventType":"providers/cloud.firestore/eventTypes/document.create","resource":"projects/firechat-c857f/databases/(default)/documents/conversations/W8ffnW6kQwBLVJj8mjtf"}} {"metadata":{"emulator":{"name":"functions"},"function":{"name":"onConversationCreate"},"message":"[runtime-status] [18108] RunBackground {\"data\":{\"value\":{\"name\":\"projects/firechat-c857f/databases/(default)/documents/conversations/W8ffnW6kQwBLVJj8mjtf\",\"fields\":{\"senderPhoneNumber\":{\"stringValue\":\"1-240-678-0722 x45071\"},\"lastMessage\":{\"mapValue\":{\"fields\":{\"date\":{\"integerValue\":\"1636222726447\"},\"type\":{\"stringValue\":\"SYSTEM\"},\"senderId\":{\"stringValue\":\"SYSTEM\"},\"text\":{\"stringValue\":\"CONVERSATION_CREATED\"},\"status\":{\"stringValue\":\"sended\"}}}},\"title\":{\"stringValue\":\"Onie\"},\"node\":{\"stringValue\":\"xndUuUmat2clM5TF5X32\"},\"conversationImageUrl\":{\"stringValue\":\"https://cdn.fakercloud.com/avatars/maiklam_128.jpg\"},\"recipient\":{\"mapValue\":{\"fields\":{\"phoneNumber\":{\"stringValue\":\"933.518.9189\"},\"name\":{\"stringValue\":\"Onie\"},\"id\":{\"stringValue\":\"9IDRswD6FpnnwZkGY31c\"},\"profileImageUrl\":{\"stringValue\":\"https://cdn.fakercloud.com/avatars/maiklam_128.jpg\"}}}},\"updatedAt\":{\"timestampValue\":\"2021-11-06T18:18:49.077Z\"}},\"createTime\":\"2021-11-06T18:18:49.090839Z\",\"updateTime\":\"2021-11-06T18:18:49.090839Z\"},\"updateMask\":{}},\"context\":{\"eventId\":\"17691502-70b4-4353-827a-0859cb987029\",\"timestamp\":\"2021-11-06T18:18:49.090Z\",\"eventType\":\"providers/cloud.firestore/eventTypes/document.create\",\"resource\":\"projects/firechat-c857f/databases/(default)/documents/conversations/W8ffnW6kQwBLVJj8mjtf\"}}"}}
[info] >  Conversación nueva  { {"user":"Conversación nueva  {","metadata":{"emulator":{"name":"functions"},"function":{"name":"onConversationCreate"},"message":"\u001b[90m> \u001b[39m Conversación nueva  {"}}
[info] >    senderPhoneNumber: '1-240-678-0722 x45071', {"user":"  senderPhoneNumber: '1-240-678-0722 x45071',","metadata":{"emulator":{"name":"functions"},"function":{"name":"onConversationCreate"},"message":"\u001b[90m> \u001b[39m   senderPhoneNumber: '1-240-678-0722 x45071',"}}
[info] >    lastMessage: { {"user":"  lastMessage: {","metadata":{"emulator":{"name":"functions"},"function":{"name":"onConversationCreate"},"message":"\u001b[90m> \u001b[39m   lastMessage: {"}}
[info] >      date: 1636222726447, {"user":"    date: 1636222726447,","metadata":{"emulator":{"name":"functions"},"function":{"name":"onConversationCreate"},"message":"\u001b[90m> \u001b[39m     date: 1636222726447,"}}
[info] >      type: 'SYSTEM', {"user":"    type: 'SYSTEM',","metadata":{"emulator":{"name":"functions"},"function":{"name":"onConversationCreate"},"message":"\u001b[90m> \u001b[39m     type: 'SYSTEM',"}}
[info] >      senderId: 'SYSTEM', {"user":"    senderId: 'SYSTEM',","metadata":{"emulator":{"name":"functions"},"function":{"name":"onConversationCreate"},"message":"\u001b[90m> \u001b[39m     senderId: 'SYSTEM',"}}
[info] >      text: 'CONVERSATION_CREATED', {"user":"    text: 'CONVERSATION_CREATED',","metadata":{"emulator":{"name":"functions"},"function":{"name":"onConversationCreate"},"message":"\u001b[90m> \u001b[39m     text: 'CONVERSATION_CREATED',"}}
[info] >      status: 'sended' {"user":"    status: 'sended'","metadata":{"emulator":{"name":"functions"},"function":{"name":"onConversationCreate"},"message":"\u001b[90m> \u001b[39m     status: 'sended'"}}
[info] >    }, {"user":"  },","metadata":{"emulator":{"name":"functions"},"function":{"name":"onConversationCreate"},"message":"\u001b[90m> \u001b[39m   },"}}
[info] >    title: 'Onie', {"user":"  title: 'Onie',","metadata":{"emulator":{"name":"functions"},"function":{"name":"onConversationCreate"},"message":"\u001b[90m> \u001b[39m   title: 'Onie',"}}
[info] >    node: 'xndUuUmat2clM5TF5X32', {"user":"  node: 'xndUuUmat2clM5TF5X32',","metadata":{"emulator":{"name":"functions"},"function":{"name":"onConversationCreate"},"message":"\u001b[90m> \u001b[39m   node: 'xndUuUmat2clM5TF5X32',"}}
[info] >    conversationImageUrl: 'https://cdn.fakercloud.com/avatars/maiklam_128.jpg', {"user":"  conversationImageUrl: 'https://cdn.fakercloud.com/avatars/maiklam_128.jpg',","metadata":{"emulator":{"name":"functions"},"function":{"name":"onConversationCreate"},"message":"\u001b[90m> \u001b[39m   conversationImageUrl: 'https://cdn.fakercloud.com/avatars/maiklam_128.jpg',"}}
[info] >    recipient: { {"user":"  recipient: {","metadata":{"emulator":{"name":"functions"},"function":{"name":"onConversationCreate"},"message":"\u001b[90m> \u001b[39m   recipient: {"}}
[info] >      phoneNumber: '933.518.9189', {"user":"    phoneNumber: '933.518.9189',","metadata":{"emulator":{"name":"functions"},"function":{"name":"onConversationCreate"},"message":"\u001b[90m> \u001b[39m     phoneNumber: '933.518.9189',"}}
[info] >      name: 'Onie', {"user":"    name: 'Onie',","metadata":{"emulator":{"name":"functions"},"function":{"name":"onConversationCreate"},"message":"\u001b[90m> \u001b[39m     name: 'Onie',"}}
[info] >      id: '9IDRswD6FpnnwZkGY31c', {"user":"    id: '9IDRswD6FpnnwZkGY31c',","metadata":{"emulator":{"name":"functions"},"function":{"name":"onConversationCreate"},"message":"\u001b[90m> \u001b[39m     id: '9IDRswD6FpnnwZkGY31c',"}}
[info] >      profileImageUrl: 'https://cdn.fakercloud.com/avatars/maiklam_128.jpg' {"user":"    profileImageUrl: 'https://cdn.fakercloud.com/avatars/maiklam_128.jpg'","metadata":{"emulator":{"name":"functions"},"function":{"name":"onConversationCreate"},"message":"\u001b[90m> \u001b[39m     profileImageUrl: 'https://cdn.fakercloud.com/avatars/maiklam_128.jpg'"}}
[info] >    }, {"user":"  },","metadata":{"emulator":{"name":"functions"},"function":{"name":"onConversationCreate"},"message":"\u001b[90m> \u001b[39m   },"}}
[info] >    updatedAt: Timestamp { _seconds: 1636222729, _nanoseconds: 77000000 } {"user":"  updatedAt: Timestamp { _seconds: 1636222729, _nanoseconds: 77000000 }","metadata":{"emulator":{"name":"functions"},"function":{"name":"onConversationCreate"},"message":"\u001b[90m> \u001b[39m   updatedAt: Timestamp { _seconds: 1636222729, _nanoseconds: 77000000 }"}}
[info] >  } {"user":"}","metadata":{"emulator":{"name":"functions"},"function":{"name":"onConversationCreate"},"message":"\u001b[90m> \u001b[39m }"}}
[info] >  Ya existe una conversación con recipient id undefined {"user":"Ya existe una conversación con recipient id undefined","metadata":{"emulator":{"name":"functions"},"function":{"name":"onConversationCreate"},"message":"\u001b[90m> \u001b[39m Ya existe una conversación con recipient id undefined"}}
[debug] [2021-11-06T18:18:49.171Z] [runtime-status] [18108] Ephemeral server survived. {"metadata":{"emulator":{"name":"functions"},"function":{"name":"onConversationCreate"},"message":"[runtime-status] [18108] Ephemeral server survived."}}
[info] i  functions: Finished "onConversationCreate" in ~1s {"metadata":{"emulator":{"name":"functions"},"function":{"name":"onConversationCreate"},"message":"Finished \"onConversationCreate\" in ~1s"}}
[debug] [2021-11-06T18:18:49.172Z] [worker-onConversationCreate-feef605d-c55f-4c52-b4b6-eabcd836984a]: IDLE {"metadata":{"emulator":{"name":"functions"},"message":"[worker-onConversationCreate-feef605d-c55f-4c52-b4b6-eabcd836984a]: IDLE"}}
[debug] [2021-11-06T18:18:49.173Z] [work-queue] {"queueLength":0,"workRunningCount":0}
